<?xml version="1.0" encoding="UTF-8"?>
<testsuite xmlns:xsi="http://www.w3.org/2001/XMLSchema-instance" xsi:noNamespaceSchemaLocation="https://maven.apache.org/surefire/maven-surefire-plugin/xsd/surefire-test-report.xsd" name="tests.SetupTest" time="138.027" tests="8" errors="0" skipped="0" failures="0">
  <properties>
[...]
</properties>
  <testcase name="testOpeningBrowserAndLoadingPage" classname="tests.SetupTest" time="12.255"/>
  <testcase name="testLogin" classname="tests.SetupTest" time="13.722"/>
  <testcase name="testAcessarCategoryTShirts" classname="tests.SetupTest" time="11.626"/>
  <testcase name="testAddProductToProductPage" classname="tests.SetupTest" time="13.524"/>
  <testcase name="testAddProductToCartPage" classname="tests.SetupTest" time="26.507"/>
  <testcase name="testSearch" classname="tests.SetupTest" time="10.419"/>
  <testcase name="testSignIn" classname="tests.SetupTest" time="17.783"/>
  <testcase name="testDeliveryAddressPage" classname="tests.SetupTest" time="31.842"/>
</testsuite>